COMMAND:
 /data/chodera/schrodinger/schrodinger2017-2-advanced/epik-v4.0/bin/Linux-x86_64/epik_app -imae /lila/home/rustenburg/Github/trypsin/1D/1D_allH.mae -omae /lila/home/rustenburg/Github/trypsin/1D/tmpdir/epik.mae -ms 32 -ph 7.8 -ma 150 -nt -p 4.5399929762484854e-05 -pKa_atom
SCHRODINGER: /data/chodera/schrodinger/schrodinger2017-2-advanced

Running Epik version     4.0013
Epik. Copyright Schrodinger, LLC. All rights reserved.

Input file name:                        /lila/home/rustenburg/Github/trypsin/1D/1D_allH.mae
Output file name:                       /lila/home/rustenburg/Github/trypsin/1D/tmpdir/epik.mae
Maximum number of states set to: 32
Structure adjustment calculation requested.
  Target pH set to 7.800
Maximum number of atoms set to: 150
Minimum probability set to 4.539993e-05
reporting for specific atoms turned on (pKa_atom)

Adjusting structures for pH 7.800000e+00 and minimum probability 4.539993e-05
Solvent model name:                     water
Jobcontrol is not being used for this specific Epik calculation.
---------------------------
Processing Input Structure #1
        Title: 1D
                                              Calculated pKas
                                                 Conjugate
                                          Atom   Acid/Base  pKa
. . . . . . . . . . . . . . . . . . . . . . .
Variation: 1
                                            53   Conj_Acid  9.54
                                            52   Conj_Acid  8.37
                                            62   Conj_Acid  8.37
                                            38   Conj_Acid 10.51
                                            39   Conj_Acid 10.51
                                            40   Conj_Acid 10.51
                                            61   Conj_Acid 10.51
 pKa penalty:                                 0.15 kcal/mol
     Charging penalty:                        0.14 kcal/mol
     Neutralization penalty:                  0.01 kcal/mol
 Overall Penalty (tautomerization included):  0.12 kcal/mol
 Total Charge: 2
 Chemistry Notes:   This compound has an imine and may undergo hydrolysis.
. . . . . . . . . . . . . . . . . . . . . . .
Variation: 2
                                            52   Conj_Acid  9.68
                                            19   Conj_Base  8.37
                                            38   Conj_Acid 10.51
                                            39   Conj_Acid 10.51
                                            40   Conj_Acid 10.51
                                            60   Conj_Acid 10.51
                                            13   Conj_Base -1.62
 pKa penalty:                                 0.93 kcal/mol
     Charging penalty:                        0.00 kcal/mol
     Neutralization penalty:                  0.93 kcal/mol
 Overall Penalty (tautomerization included):  1.04 kcal/mol
 Total Charge: 1
 Chemistry Notes:   This compound has an imine and may undergo hydrolysis.
. . . . . . . . . . . . . . . . . . . . . . .
Variation: 3
                                            20   Conj_Base  9.54
                                            52   Conj_Acid  8.75
                                            61   Conj_Acid  8.75
                                            38   Conj_Acid 10.51
                                            39   Conj_Acid 10.51
                                            40   Conj_Acid 10.51
                                            60   Conj_Acid 10.51
                                            13   Conj_Base -2.85
 pKa penalty:                                 2.45 kcal/mol
     Charging penalty:                        2.45 kcal/mol
     Neutralization penalty:                  0.00 kcal/mol
 Overall Penalty (tautomerization included):  2.57 kcal/mol
 Total Charge: 1
 Chemistry Notes:   This compound has an imine and may undergo hydrolysis.
. . . . . . . . . . . . . . . . . . . . . . .
Variation: 4
                                            20   Conj_Base  9.68
                                            14   Conj_Base -2.08
                                            19   Conj_Base  8.75
                                            38   Conj_Acid 10.51
                                            39   Conj_Acid 10.51
                                            40   Conj_Acid 10.51
                                            59   Conj_Acid 10.51
                                            13   Conj_Base  0.65
 pKa penalty:                                 3.93 kcal/mol
     Charging penalty:                        2.57 kcal/mol
     Neutralization penalty:                  1.36 kcal/mol
 Overall Penalty (tautomerization included):  3.87 kcal/mol
 Total Charge: 0
 Chemistry Notes:   This compound has an imine and may undergo hydrolysis.
. . . . . . . . . . . . . . . . . . . . . . .
Variation: 5
                                            52   Conj_Acid  9.54
                                            51   Conj_Acid  8.37
                                            61   Conj_Acid  8.37
                                             8   Conj_Base 10.51
 pKa penalty:                                 3.85 kcal/mol
     Charging penalty:                        0.14 kcal/mol
     Neutralization penalty:                  3.71 kcal/mol
 Overall Penalty (tautomerization included):  4.07 kcal/mol
 Total Charge: 1
 Chemistry Notes:   This compound has an imine and may undergo hydrolysis.
. . . . . . . . . . . . . . . . . . . . . . .
Variation: 6
                                            52   Conj_Acid  9.54
                                            51   Conj_Acid  8.37
                                            61   Conj_Acid  8.37
                                             8   Conj_Base 10.51
 pKa penalty:                                 3.85 kcal/mol
     Charging penalty:                        0.14 kcal/mol
     Neutralization penalty:                  3.71 kcal/mol
 Overall Penalty (tautomerization included):  4.07 kcal/mol
 Total Charge: 1
 Chemistry Notes:   This compound has an imine and may undergo hydrolysis.
. . . . . . . . . . . . . . . . . . . . . . .
Variation: 7
                                            51   Conj_Acid  9.68
                                            19   Conj_Base  8.37
                                             8   Conj_Base 10.51
                                            13   Conj_Base -1.62
 pKa penalty:                                 4.62 kcal/mol
     Charging penalty:                        0.00 kcal/mol
     Neutralization penalty:                  4.62 kcal/mol
 Overall Penalty (tautomerization included):  4.99 kcal/mol
 Total Charge: 0
 Chemistry Notes:   This compound has an imine and may undergo hydrolysis.
. . . . . . . . . . . . . . . . . . . . . . .
Variation: 8
                                            51   Conj_Acid  9.68
                                            19   Conj_Base  8.37
                                             8   Conj_Base 10.51
                                            13   Conj_Base -1.62
 pKa penalty:                                 4.62 kcal/mol
     Charging penalty:                        0.00 kcal/mol
     Neutralization penalty:                  4.62 kcal/mol
 Overall Penalty (tautomerization included):  4.99 kcal/mol
 Total Charge: 0
 Chemistry Notes:   This compound has an imine and may undergo hydrolysis.
---------------------------
